[0.624s] DEBUG:colcon:Command line arguments: ['/usr/bin/colcon', 'build', '--symlink-install', '--packages-select', 'turtlebot3_controller']
[0.624s] DEBUG:colcon:Parsed command line arguments: Namespace(allow_overriding=[], ament_cmake_args=None, base_paths=['.'], build_base='build', catkin_cmake_args=None, catkin_skip_building_tests=False, cmake_args=None, cmake_clean_cache=False, cmake_clean_first=False, cmake_force_configure=False, cmake_target=None, cmake_target_skip_unavailable=False, continue_on_error=False, event_handlers=None, executor='parallel', ignore_user_meta=False, install_base='install', log_base=None, log_level=None, main=<bound method BuildVerb.main of <colcon_core.verb.build.BuildVerb object at 0x7fc5c8a3e250>>, merge_install=False, metas=['./colcon.meta'], packages_above=None, packages_above_and_dependencies=None, packages_above_depth=None, packages_end=None, packages_ignore=None, packages_ignore_regex=None, packages_select=['turtlebot3_controller'], packages_select_build_failed=False, packages_select_by_dep=None, packages_select_regex=None, packages_select_test_failures=False, packages_skip=None, packages_skip_build_finished=False, packages_skip_by_dep=None, packages_skip_regex=None, packages_skip_test_passed=False, packages_skip_up_to=None, packages_start=None, packages_up_to=None, packages_up_to_regex=None, parallel_workers=8, paths=None, symlink_install=True, test_result_base=None, verb_extension=<colcon_core.verb.build.BuildVerb object at 0x7fc5c8a3e250>, verb_name='build', verb_parser=<colcon_defaults.argument_parser.defaults.DefaultArgumentsDecorator object at 0x7fc5c8a3e790>)
[0.656s] Level 1:colcon.colcon_core.package_discovery:discover_packages(colcon_meta) check parameters
[0.656s] Level 1:colcon.colcon_core.package_discovery:discover_packages(recursive) check parameters
[0.656s] Level 1:colcon.colcon_core.package_discovery:discover_packages(ignore) check parameters
[0.656s] Level 1:colcon.colcon_core.package_discovery:discover_packages(path) check parameters
[0.656s] Level 1:colcon.colcon_core.package_discovery:discover_packages(colcon_meta) discover
[0.656s] Level 1:colcon.colcon_core.package_discovery:discover_packages(recursive) discover
[0.656s] INFO:colcon.colcon_core.package_discovery:Crawling recursively for packages in '/home/chloe/turtlebot3_ws/src/turtlebot3_controller'
[0.656s] Level 1:colcon.colcon_core.package_identification:_identify(.) by extensions ['ignore', 'ignore_ament_install']
[0.656s] Level 1:colcon.colcon_core.package_identification:_identify(.) by extension 'ignore'
[0.656s] Level 1:colcon.colcon_core.package_identification:_identify(.) by extension 'ignore_ament_install'
[0.656s] Level 1:colcon.colcon_core.package_identification:_identify(.) by extensions ['colcon_pkg']
[0.657s] Level 1:colcon.colcon_core.package_identification:_identify(.) by extension 'colcon_pkg'
[0.657s] Level 1:colcon.colcon_core.package_identification:_identify(.) by extensions ['colcon_meta']
[0.657s] Level 1:colcon.colcon_core.package_identification:_identify(.) by extension 'colcon_meta'
[0.657s] Level 1:colcon.colcon_core.package_identification:_identify(.) by extensions ['ros']
[0.657s] Level 1:colcon.colcon_core.package_identification:_identify(.) by extension 'ros'
[0.683s] DEBUG:colcon.colcon_core.package_identification:Package '.' with type 'ros.ament_python' and name 'turtlebot3_controller'
[0.683s] Level 1:colcon.colcon_core.package_discovery:discover_packages(recursive) using defaults
[0.683s] Level 1:colcon.colcon_core.package_discovery:discover_packages(ignore) discover
[0.683s] Level 1:colcon.colcon_core.package_discovery:discover_packages(ignore) using defaults
[0.683s] Level 1:colcon.colcon_core.package_discovery:discover_packages(path) discover
[0.683s] Level 1:colcon.colcon_core.package_discovery:discover_packages(path) using defaults
[0.723s] Level 1:colcon.colcon_core.package_discovery:discover_packages(prefix_path) check parameters
[0.723s] Level 1:colcon.colcon_core.package_discovery:discover_packages(prefix_path) discover
[0.734s] DEBUG:colcon.colcon_installed_package_information.package_discovery:Found 12 installed packages in /home/chloe/turtlebot3_ws/install
[0.736s] DEBUG:colcon.colcon_installed_package_information.package_discovery:Found 1 installed packages in /home/chloe/ros2_ws/install
[0.738s] DEBUG:colcon.colcon_installed_package_information.package_discovery:Found 368 installed packages in /opt/ros/foxy
[0.742s] Level 1:colcon.colcon_core.package_discovery:discover_packages(prefix_path) using defaults
[0.891s] Level 5:colcon.colcon_core.verb:set package 'turtlebot3_controller' build argument 'cmake_args' from command line to 'None'
[0.891s] Level 5:colcon.colcon_core.verb:set package 'turtlebot3_controller' build argument 'cmake_target' from command line to 'None'
[0.891s] Level 5:colcon.colcon_core.verb:set package 'turtlebot3_controller' build argument 'cmake_target_skip_unavailable' from command line to 'False'
[0.891s] Level 5:colcon.colcon_core.verb:set package 'turtlebot3_controller' build argument 'cmake_clean_cache' from command line to 'False'
[0.891s] Level 5:colcon.colcon_core.verb:set package 'turtlebot3_controller' build argument 'cmake_clean_first' from command line to 'False'
[0.891s] Level 5:colcon.colcon_core.verb:set package 'turtlebot3_controller' build argument 'cmake_force_configure' from command line to 'False'
[0.891s] Level 5:colcon.colcon_core.verb:set package 'turtlebot3_controller' build argument 'ament_cmake_args' from command line to 'None'
[0.891s] Level 5:colcon.colcon_core.verb:set package 'turtlebot3_controller' build argument 'catkin_cmake_args' from command line to 'None'
[0.891s] Level 5:colcon.colcon_core.verb:set package 'turtlebot3_controller' build argument 'catkin_skip_building_tests' from command line to 'False'
[0.891s] DEBUG:colcon.colcon_core.verb:Building package 'turtlebot3_controller' with the following arguments: {'ament_cmake_args': None, 'build_base': '/home/chloe/turtlebot3_ws/src/turtlebot3_controller/build/turtlebot3_controller', 'catkin_cmake_args': None, 'catkin_skip_building_tests': False, 'cmake_args': None, 'cmake_clean_cache': False, 'cmake_clean_first': False, 'cmake_force_configure': False, 'cmake_target': None, 'cmake_target_skip_unavailable': False, 'install_base': '/home/chloe/turtlebot3_ws/src/turtlebot3_controller/install/turtlebot3_controller', 'merge_install': False, 'path': '/home/chloe/turtlebot3_ws/src/turtlebot3_controller', 'symlink_install': True, 'test_result_base': None}
[0.894s] INFO:colcon.colcon_core.executor:Executing jobs using 'parallel' executor
[0.898s] DEBUG:colcon.colcon_parallel_executor.executor.parallel:run_until_complete
[0.898s] INFO:colcon.colcon_ros.task.ament_python.build:Building ROS package in '/home/chloe/turtlebot3_ws/src/turtlebot3_controller' with build type 'ament_python'
[0.898s] Level 1:colcon.colcon_core.shell:create_environment_hook('turtlebot3_controller', 'ament_prefix_path')
[0.905s] INFO:colcon.colcon_core.plugin_system:Skipping extension 'colcon_core.shell.bat': Not used on non-Windows systems
[0.905s] INFO:colcon.colcon_core.shell:Creating environment hook '/home/chloe/turtlebot3_ws/src/turtlebot3_controller/install/turtlebot3_controller/share/turtlebot3_controller/hook/ament_prefix_path.ps1'
[0.906s] INFO:colcon.colcon_core.shell:Creating environment descriptor '/home/chloe/turtlebot3_ws/src/turtlebot3_controller/install/turtlebot3_controller/share/turtlebot3_controller/hook/ament_prefix_path.dsv'
[0.907s] INFO:colcon.colcon_core.shell:Creating environment hook '/home/chloe/turtlebot3_ws/src/turtlebot3_controller/install/turtlebot3_controller/share/turtlebot3_controller/hook/ament_prefix_path.sh'
[0.911s] INFO:colcon.colcon_core.shell:Skip shell extension 'powershell' for command environment: Not usable outside of PowerShell
[0.911s] DEBUG:colcon.colcon_core.shell:Skip shell extension 'dsv' for command environment
[1.354s] INFO:colcon.colcon_core.task.python.build:Building Python package in '/home/chloe/turtlebot3_ws/src/turtlebot3_controller'
[1.358s] INFO:colcon.colcon_core.shell:Skip shell extension 'powershell' for command environment: Not usable outside of PowerShell
[1.358s] DEBUG:colcon.colcon_core.shell:Skip shell extension 'dsv' for command environment
[2.032s] DEBUG:colcon.colcon_core.event_handler.log_command:Invoking command in '/home/chloe/turtlebot3_ws/src/turtlebot3_controller/build/turtlebot3_controller': PYTHONPATH=/home/chloe/turtlebot3_ws/src/turtlebot3_controller/build/turtlebot3_controller/prefix_override:/home/chloe/turtlebot3_ws/src/turtlebot3_controller/install/turtlebot3_controller/lib/python3.8/site-packages:${PYTHONPATH} /usr/bin/python3 setup.py develop --editable --build-directory /home/chloe/turtlebot3_ws/src/turtlebot3_controller/build/turtlebot3_controller/build --no-deps install_data
[2.797s] Level 1:colcon.colcon_core.shell:create_environment_hook('turtlebot3_controller', 'pythonpath_develop')
[2.801s] INFO:colcon.colcon_core.shell:Creating environment hook '/home/chloe/turtlebot3_ws/src/turtlebot3_controller/build/turtlebot3_controller/share/turtlebot3_controller/hook/pythonpath_develop.ps1'
[2.801s] DEBUG:colcon.colcon_core.event_handler.log_command:Invoked command in '/home/chloe/turtlebot3_ws/src/turtlebot3_controller/build/turtlebot3_controller' returned '0': PYTHONPATH=/home/chloe/turtlebot3_ws/src/turtlebot3_controller/build/turtlebot3_controller/prefix_override:/home/chloe/turtlebot3_ws/src/turtlebot3_controller/install/turtlebot3_controller/lib/python3.8/site-packages:${PYTHONPATH} /usr/bin/python3 setup.py develop --editable --build-directory /home/chloe/turtlebot3_ws/src/turtlebot3_controller/build/turtlebot3_controller/build --no-deps install_data
[2.802s] INFO:colcon.colcon_core.shell:Creating environment descriptor '/home/chloe/turtlebot3_ws/src/turtlebot3_controller/build/turtlebot3_controller/share/turtlebot3_controller/hook/pythonpath_develop.dsv'
[2.802s] INFO:colcon.colcon_core.shell:Creating environment hook '/home/chloe/turtlebot3_ws/src/turtlebot3_controller/build/turtlebot3_controller/share/turtlebot3_controller/hook/pythonpath_develop.sh'
[2.813s] Level 1:colcon.colcon_core.environment:checking '/home/chloe/turtlebot3_ws/src/turtlebot3_controller/install/turtlebot3_controller' for CMake module files
[2.814s] Level 1:colcon.colcon_core.environment:checking '/home/chloe/turtlebot3_ws/src/turtlebot3_controller/install/turtlebot3_controller' for CMake config files
[2.815s] Level 1:colcon.colcon_core.environment:checking '/home/chloe/turtlebot3_ws/src/turtlebot3_controller/install/turtlebot3_controller/lib'
[2.815s] Level 1:colcon.colcon_core.environment:checking '/home/chloe/turtlebot3_ws/src/turtlebot3_controller/install/turtlebot3_controller/bin'
[2.815s] Level 1:colcon.colcon_core.environment:checking '/home/chloe/turtlebot3_ws/src/turtlebot3_controller/install/turtlebot3_controller/lib/pkgconfig/turtlebot3_controller.pc'
[2.816s] Level 1:colcon.colcon_core.environment:checking '/home/chloe/turtlebot3_ws/src/turtlebot3_controller/install/turtlebot3_controller/lib/python3.8/site-packages'
[2.816s] Level 1:colcon.colcon_core.shell:create_environment_hook('turtlebot3_controller', 'pythonpath')
[2.818s] INFO:colcon.colcon_core.shell:Creating environment hook '/home/chloe/turtlebot3_ws/src/turtlebot3_controller/install/turtlebot3_controller/share/turtlebot3_controller/hook/pythonpath.ps1'
[2.819s] INFO:colcon.colcon_core.shell:Creating environment descriptor '/home/chloe/turtlebot3_ws/src/turtlebot3_controller/install/turtlebot3_controller/share/turtlebot3_controller/hook/pythonpath.dsv'
[2.819s] INFO:colcon.colcon_core.shell:Creating environment hook '/home/chloe/turtlebot3_ws/src/turtlebot3_controller/install/turtlebot3_controller/share/turtlebot3_controller/hook/pythonpath.sh'
[2.820s] Level 1:colcon.colcon_core.environment:checking '/home/chloe/turtlebot3_ws/src/turtlebot3_controller/install/turtlebot3_controller/bin'
[2.820s] Level 1:colcon.colcon_core.environment:create_environment_scripts_only(turtlebot3_controller)
[2.822s] INFO:colcon.colcon_core.shell:Creating package script '/home/chloe/turtlebot3_ws/src/turtlebot3_controller/install/turtlebot3_controller/share/turtlebot3_controller/package.ps1'
[2.824s] INFO:colcon.colcon_core.shell:Creating package descriptor '/home/chloe/turtlebot3_ws/src/turtlebot3_controller/install/turtlebot3_controller/share/turtlebot3_controller/package.dsv'
[2.825s] INFO:colcon.colcon_core.shell:Creating package script '/home/chloe/turtlebot3_ws/src/turtlebot3_controller/install/turtlebot3_controller/share/turtlebot3_controller/package.sh'
[2.826s] INFO:colcon.colcon_core.shell:Creating package script '/home/chloe/turtlebot3_ws/src/turtlebot3_controller/install/turtlebot3_controller/share/turtlebot3_controller/package.bash'
[2.828s] INFO:colcon.colcon_core.shell:Creating package script '/home/chloe/turtlebot3_ws/src/turtlebot3_controller/install/turtlebot3_controller/share/turtlebot3_controller/package.zsh'
[2.829s] Level 1:colcon.colcon_core.environment:create_file_with_runtime_dependencies(/home/chloe/turtlebot3_ws/src/turtlebot3_controller/install/turtlebot3_controller/share/colcon-core/packages/turtlebot3_controller)
[2.830s] DEBUG:colcon.colcon_parallel_executor.executor.parallel:closing loop
[2.831s] DEBUG:colcon.colcon_parallel_executor.executor.parallel:loop closed
[2.831s] DEBUG:colcon.colcon_parallel_executor.executor.parallel:run_until_complete finished with '0'
[2.831s] DEBUG:colcon.colcon_core.event_reactor:joining thread
[2.841s] INFO:colcon.colcon_core.plugin_system:Skipping extension 'colcon_notification.desktop_notification.terminal_notifier': Not used on non-Darwin systems
[2.841s] INFO:colcon.colcon_core.plugin_system:Skipping extension 'colcon_notification.desktop_notification.win32': Not used on non-Windows systems
[2.841s] INFO:colcon.colcon_notification.desktop_notification:Sending desktop notification using 'notify2'
[2.869s] DEBUG:colcon.colcon_core.event_reactor:joined thread
[2.871s] INFO:colcon.colcon_core.shell:Creating prefix script '/home/chloe/turtlebot3_ws/src/turtlebot3_controller/install/local_setup.ps1'
[2.873s] INFO:colcon.colcon_core.shell:Creating prefix util module '/home/chloe/turtlebot3_ws/src/turtlebot3_controller/install/_local_setup_util_ps1.py'
[2.877s] INFO:colcon.colcon_core.shell:Creating prefix chain script '/home/chloe/turtlebot3_ws/src/turtlebot3_controller/install/setup.ps1'
[2.881s] INFO:colcon.colcon_core.shell:Creating prefix script '/home/chloe/turtlebot3_ws/src/turtlebot3_controller/install/local_setup.sh'
[2.882s] INFO:colcon.colcon_core.shell:Creating prefix util module '/home/chloe/turtlebot3_ws/src/turtlebot3_controller/install/_local_setup_util_sh.py'
[2.882s] INFO:colcon.colcon_core.shell:Creating prefix chain script '/home/chloe/turtlebot3_ws/src/turtlebot3_controller/install/setup.sh'
[2.885s] INFO:colcon.colcon_core.shell:Creating prefix script '/home/chloe/turtlebot3_ws/src/turtlebot3_controller/install/local_setup.bash'
[2.886s] INFO:colcon.colcon_core.shell:Creating prefix chain script '/home/chloe/turtlebot3_ws/src/turtlebot3_controller/install/setup.bash'
[2.890s] INFO:colcon.colcon_core.shell:Creating prefix script '/home/chloe/turtlebot3_ws/src/turtlebot3_controller/install/local_setup.zsh'
[2.891s] INFO:colcon.colcon_core.shell:Creating prefix chain script '/home/chloe/turtlebot3_ws/src/turtlebot3_controller/install/setup.zsh'
