[0.362s] DEBUG:colcon:Command line arguments: ['/usr/bin/colcon', 'build', '--symlink-install', '--packages-select', 'turtlebot3_controller']
[0.362s] DEBUG:colcon:Parsed command line arguments: Namespace(allow_overriding=[], ament_cmake_args=None, base_paths=['.'], build_base='build', catkin_cmake_args=None, catkin_skip_building_tests=False, cmake_args=None, cmake_clean_cache=False, cmake_clean_first=False, cmake_force_configure=False, cmake_target=None, cmake_target_skip_unavailable=False, continue_on_error=False, event_handlers=None, executor='parallel', ignore_user_meta=False, install_base='install', log_base=None, log_level=None, main=<bound method BuildVerb.main of <colcon_core.verb.build.BuildVerb object at 0x7fbf30497460>>, merge_install=False, metas=['./colcon.meta'], packages_above=None, packages_above_and_dependencies=None, packages_above_depth=None, packages_end=None, packages_ignore=None, packages_ignore_regex=None, packages_select=['turtlebot3_controller'], packages_select_build_failed=False, packages_select_by_dep=None, packages_select_regex=None, packages_select_test_failures=False, packages_skip=None, packages_skip_build_finished=False, packages_skip_by_dep=None, packages_skip_regex=None, packages_skip_test_passed=False, packages_skip_up_to=None, packages_start=None, packages_up_to=None, packages_up_to_regex=None, parallel_workers=8, paths=None, symlink_install=True, test_result_base=None, verb_extension=<colcon_core.verb.build.BuildVerb object at 0x7fbf30497460>, verb_name='build', verb_parser=<colcon_defaults.argument_parser.defaults.DefaultArgumentsDecorator object at 0x7fbf304979a0>)
[0.393s] Level 1:colcon.colcon_core.package_discovery:discover_packages(colcon_meta) check parameters
[0.394s] Level 1:colcon.colcon_core.package_discovery:discover_packages(recursive) check parameters
[0.394s] Level 1:colcon.colcon_core.package_discovery:discover_packages(ignore) check parameters
[0.394s] Level 1:colcon.colcon_core.package_discovery:discover_packages(path) check parameters
[0.394s] Level 1:colcon.colcon_core.package_discovery:discover_packages(colcon_meta) discover
[0.394s] Level 1:colcon.colcon_core.package_discovery:discover_packages(recursive) discover
[0.394s] INFO:colcon.colcon_core.package_discovery:Crawling recursively for packages in '/home/chloe/turtlebot3_ws/src/turtlebot3_controller'
[0.394s] Level 1:colcon.colcon_core.package_identification:_identify(.) by extensions ['ignore', 'ignore_ament_install']
[0.394s] Level 1:colcon.colcon_core.package_identification:_identify(.) by extension 'ignore'
[0.394s] Level 1:colcon.colcon_core.package_identification:_identify(.) by extension 'ignore_ament_install'
[0.394s] Level 1:colcon.colcon_core.package_identification:_identify(.) by extensions ['colcon_pkg']
[0.394s] Level 1:colcon.colcon_core.package_identification:_identify(.) by extension 'colcon_pkg'
[0.394s] Level 1:colcon.colcon_core.package_identification:_identify(.) by extensions ['colcon_meta']
[0.394s] Level 1:colcon.colcon_core.package_identification:_identify(.) by extension 'colcon_meta'
[0.395s] Level 1:colcon.colcon_core.package_identification:_identify(.) by extensions ['ros']
[0.395s] Level 1:colcon.colcon_core.package_identification:_identify(.) by extension 'ros'
[0.423s] DEBUG:colcon.colcon_core.package_identification:Package '.' with type 'ros.ament_python' and name 'turtlebot3_controller'
[0.423s] Level 1:colcon.colcon_core.package_discovery:discover_packages(recursive) using defaults
[0.423s] Level 1:colcon.colcon_core.package_discovery:discover_packages(ignore) discover
[0.423s] Level 1:colcon.colcon_core.package_discovery:discover_packages(ignore) using defaults
[0.423s] Level 1:colcon.colcon_core.package_discovery:discover_packages(path) discover
[0.423s] Level 1:colcon.colcon_core.package_discovery:discover_packages(path) using defaults
[0.448s] Level 1:colcon.colcon_core.package_discovery:discover_packages(prefix_path) check parameters
[0.449s] Level 1:colcon.colcon_core.package_discovery:discover_packages(prefix_path) discover
[0.453s] DEBUG:colcon.colcon_installed_package_information.package_discovery:Found 12 installed packages in /home/chloe/turtlebot3_ws/install
[0.454s] DEBUG:colcon.colcon_installed_package_information.package_discovery:Found 1 installed packages in /home/chloe/ros2_ws/install
[0.456s] DEBUG:colcon.colcon_installed_package_information.package_discovery:Found 368 installed packages in /opt/ros/foxy
[0.459s] Level 1:colcon.colcon_core.package_discovery:discover_packages(prefix_path) using defaults
[0.551s] Level 5:colcon.colcon_core.verb:set package 'turtlebot3_controller' build argument 'cmake_args' from command line to 'None'
[0.551s] Level 5:colcon.colcon_core.verb:set package 'turtlebot3_controller' build argument 'cmake_target' from command line to 'None'
[0.552s] Level 5:colcon.colcon_core.verb:set package 'turtlebot3_controller' build argument 'cmake_target_skip_unavailable' from command line to 'False'
[0.552s] Level 5:colcon.colcon_core.verb:set package 'turtlebot3_controller' build argument 'cmake_clean_cache' from command line to 'False'
[0.552s] Level 5:colcon.colcon_core.verb:set package 'turtlebot3_controller' build argument 'cmake_clean_first' from command line to 'False'
[0.552s] Level 5:colcon.colcon_core.verb:set package 'turtlebot3_controller' build argument 'cmake_force_configure' from command line to 'False'
[0.552s] Level 5:colcon.colcon_core.verb:set package 'turtlebot3_controller' build argument 'ament_cmake_args' from command line to 'None'
[0.552s] Level 5:colcon.colcon_core.verb:set package 'turtlebot3_controller' build argument 'catkin_cmake_args' from command line to 'None'
[0.552s] Level 5:colcon.colcon_core.verb:set package 'turtlebot3_controller' build argument 'catkin_skip_building_tests' from command line to 'False'
[0.552s] DEBUG:colcon.colcon_core.verb:Building package 'turtlebot3_controller' with the following arguments: {'ament_cmake_args': None, 'build_base': '/home/chloe/turtlebot3_ws/src/turtlebot3_controller/build/turtlebot3_controller', 'catkin_cmake_args': None, 'catkin_skip_building_tests': False, 'cmake_args': None, 'cmake_clean_cache': False, 'cmake_clean_first': False, 'cmake_force_configure': False, 'cmake_target': None, 'cmake_target_skip_unavailable': False, 'install_base': '/home/chloe/turtlebot3_ws/src/turtlebot3_controller/install/turtlebot3_controller', 'merge_install': False, 'path': '/home/chloe/turtlebot3_ws/src/turtlebot3_controller', 'symlink_install': True, 'test_result_base': None}
[0.553s] INFO:colcon.colcon_core.executor:Executing jobs using 'parallel' executor
[0.556s] DEBUG:colcon.colcon_parallel_executor.executor.parallel:run_until_complete
[0.557s] INFO:colcon.colcon_ros.task.ament_python.build:Building ROS package in '/home/chloe/turtlebot3_ws/src/turtlebot3_controller' with build type 'ament_python'
[0.557s] Level 1:colcon.colcon_core.shell:create_environment_hook('turtlebot3_controller', 'ament_prefix_path')
[0.562s] INFO:colcon.colcon_core.plugin_system:Skipping extension 'colcon_core.shell.bat': Not used on non-Windows systems
[0.562s] INFO:colcon.colcon_core.shell:Creating environment hook '/home/chloe/turtlebot3_ws/src/turtlebot3_controller/install/turtlebot3_controller/share/turtlebot3_controller/hook/ament_prefix_path.ps1'
[0.563s] INFO:colcon.colcon_core.shell:Creating environment descriptor '/home/chloe/turtlebot3_ws/src/turtlebot3_controller/install/turtlebot3_controller/share/turtlebot3_controller/hook/ament_prefix_path.dsv'
[0.563s] INFO:colcon.colcon_core.shell:Creating environment hook '/home/chloe/turtlebot3_ws/src/turtlebot3_controller/install/turtlebot3_controller/share/turtlebot3_controller/hook/ament_prefix_path.sh'
[0.566s] INFO:colcon.colcon_core.shell:Skip shell extension 'powershell' for command environment: Not usable outside of PowerShell
[0.566s] DEBUG:colcon.colcon_core.shell:Skip shell extension 'dsv' for command environment
[0.847s] INFO:colcon.colcon_core.task.python.build:Building Python package in '/home/chloe/turtlebot3_ws/src/turtlebot3_controller'
[0.849s] INFO:colcon.colcon_core.shell:Skip shell extension 'powershell' for command environment: Not usable outside of PowerShell
[0.849s] DEBUG:colcon.colcon_core.shell:Skip shell extension 'dsv' for command environment
[1.373s] DEBUG:colcon.colcon_core.event_handler.log_command:Invoking command in '/home/chloe/turtlebot3_ws/src/turtlebot3_controller/build/turtlebot3_controller': PYTHONPATH=/home/chloe/turtlebot3_ws/src/turtlebot3_controller/build/turtlebot3_controller/prefix_override:/home/chloe/turtlebot3_ws/src/turtlebot3_controller/install/turtlebot3_controller/lib/python3.8/site-packages:${PYTHONPATH} /usr/bin/python3 setup.py develop --editable --build-directory /home/chloe/turtlebot3_ws/src/turtlebot3_controller/build/turtlebot3_controller/build --no-deps install_data
[1.933s] Level 1:colcon.colcon_core.shell:create_environment_hook('turtlebot3_controller', 'pythonpath_develop')
[1.936s] INFO:colcon.colcon_core.shell:Creating environment hook '/home/chloe/turtlebot3_ws/src/turtlebot3_controller/build/turtlebot3_controller/share/turtlebot3_controller/hook/pythonpath_develop.ps1'
[1.938s] DEBUG:colcon.colcon_core.event_handler.log_command:Invoked command in '/home/chloe/turtlebot3_ws/src/turtlebot3_controller/build/turtlebot3_controller' returned '0': PYTHONPATH=/home/chloe/turtlebot3_ws/src/turtlebot3_controller/build/turtlebot3_controller/prefix_override:/home/chloe/turtlebot3_ws/src/turtlebot3_controller/install/turtlebot3_controller/lib/python3.8/site-packages:${PYTHONPATH} /usr/bin/python3 setup.py develop --editable --build-directory /home/chloe/turtlebot3_ws/src/turtlebot3_controller/build/turtlebot3_controller/build --no-deps install_data
[1.938s] INFO:colcon.colcon_core.shell:Creating environment descriptor '/home/chloe/turtlebot3_ws/src/turtlebot3_controller/build/turtlebot3_controller/share/turtlebot3_controller/hook/pythonpath_develop.dsv'
[1.939s] INFO:colcon.colcon_core.shell:Creating environment hook '/home/chloe/turtlebot3_ws/src/turtlebot3_controller/build/turtlebot3_controller/share/turtlebot3_controller/hook/pythonpath_develop.sh'
[1.948s] Level 1:colcon.colcon_core.environment:checking '/home/chloe/turtlebot3_ws/src/turtlebot3_controller/install/turtlebot3_controller' for CMake module files
[1.949s] Level 1:colcon.colcon_core.environment:checking '/home/chloe/turtlebot3_ws/src/turtlebot3_controller/install/turtlebot3_controller' for CMake config files
[1.950s] Level 1:colcon.colcon_core.environment:checking '/home/chloe/turtlebot3_ws/src/turtlebot3_controller/install/turtlebot3_controller/lib'
[1.950s] Level 1:colcon.colcon_core.environment:checking '/home/chloe/turtlebot3_ws/src/turtlebot3_controller/install/turtlebot3_controller/bin'
[1.950s] Level 1:colcon.colcon_core.environment:checking '/home/chloe/turtlebot3_ws/src/turtlebot3_controller/install/turtlebot3_controller/lib/pkgconfig/turtlebot3_controller.pc'
[1.950s] Level 1:colcon.colcon_core.environment:checking '/home/chloe/turtlebot3_ws/src/turtlebot3_controller/install/turtlebot3_controller/lib/python3.8/site-packages'
[1.950s] Level 1:colcon.colcon_core.shell:create_environment_hook('turtlebot3_controller', 'pythonpath')
[1.953s] INFO:colcon.colcon_core.shell:Creating environment hook '/home/chloe/turtlebot3_ws/src/turtlebot3_controller/install/turtlebot3_controller/share/turtlebot3_controller/hook/pythonpath.ps1'
[1.953s] INFO:colcon.colcon_core.shell:Creating environment descriptor '/home/chloe/turtlebot3_ws/src/turtlebot3_controller/install/turtlebot3_controller/share/turtlebot3_controller/hook/pythonpath.dsv'
[1.954s] INFO:colcon.colcon_core.shell:Creating environment hook '/home/chloe/turtlebot3_ws/src/turtlebot3_controller/install/turtlebot3_controller/share/turtlebot3_controller/hook/pythonpath.sh'
[1.955s] Level 1:colcon.colcon_core.environment:checking '/home/chloe/turtlebot3_ws/src/turtlebot3_controller/install/turtlebot3_controller/bin'
[1.955s] Level 1:colcon.colcon_core.environment:create_environment_scripts_only(turtlebot3_controller)
[1.958s] INFO:colcon.colcon_core.shell:Creating package script '/home/chloe/turtlebot3_ws/src/turtlebot3_controller/install/turtlebot3_controller/share/turtlebot3_controller/package.ps1'
[1.959s] INFO:colcon.colcon_core.shell:Creating package descriptor '/home/chloe/turtlebot3_ws/src/turtlebot3_controller/install/turtlebot3_controller/share/turtlebot3_controller/package.dsv'
[1.960s] INFO:colcon.colcon_core.shell:Creating package script '/home/chloe/turtlebot3_ws/src/turtlebot3_controller/install/turtlebot3_controller/share/turtlebot3_controller/package.sh'
[1.961s] INFO:colcon.colcon_core.shell:Creating package script '/home/chloe/turtlebot3_ws/src/turtlebot3_controller/install/turtlebot3_controller/share/turtlebot3_controller/package.bash'
[1.962s] INFO:colcon.colcon_core.shell:Creating package script '/home/chloe/turtlebot3_ws/src/turtlebot3_controller/install/turtlebot3_controller/share/turtlebot3_controller/package.zsh'
[1.963s] Level 1:colcon.colcon_core.environment:create_file_with_runtime_dependencies(/home/chloe/turtlebot3_ws/src/turtlebot3_controller/install/turtlebot3_controller/share/colcon-core/packages/turtlebot3_controller)
[1.964s] DEBUG:colcon.colcon_parallel_executor.executor.parallel:closing loop
[1.964s] DEBUG:colcon.colcon_parallel_executor.executor.parallel:loop closed
[1.964s] DEBUG:colcon.colcon_parallel_executor.executor.parallel:run_until_complete finished with '0'
[1.964s] DEBUG:colcon.colcon_core.event_reactor:joining thread
[1.973s] INFO:colcon.colcon_core.plugin_system:Skipping extension 'colcon_notification.desktop_notification.terminal_notifier': Not used on non-Darwin systems
[1.973s] INFO:colcon.colcon_core.plugin_system:Skipping extension 'colcon_notification.desktop_notification.win32': Not used on non-Windows systems
[1.973s] INFO:colcon.colcon_notification.desktop_notification:Sending desktop notification using 'notify2'
[1.994s] DEBUG:colcon.colcon_core.event_reactor:joined thread
[1.996s] INFO:colcon.colcon_core.shell:Creating prefix script '/home/chloe/turtlebot3_ws/src/turtlebot3_controller/install/local_setup.ps1'
[1.997s] INFO:colcon.colcon_core.shell:Creating prefix util module '/home/chloe/turtlebot3_ws/src/turtlebot3_controller/install/_local_setup_util_ps1.py'
[1.998s] INFO:colcon.colcon_core.shell:Creating prefix chain script '/home/chloe/turtlebot3_ws/src/turtlebot3_controller/install/setup.ps1'
[2.002s] INFO:colcon.colcon_core.shell:Creating prefix script '/home/chloe/turtlebot3_ws/src/turtlebot3_controller/install/local_setup.sh'
[2.003s] INFO:colcon.colcon_core.shell:Creating prefix util module '/home/chloe/turtlebot3_ws/src/turtlebot3_controller/install/_local_setup_util_sh.py'
[2.004s] INFO:colcon.colcon_core.shell:Creating prefix chain script '/home/chloe/turtlebot3_ws/src/turtlebot3_controller/install/setup.sh'
[2.006s] INFO:colcon.colcon_core.shell:Creating prefix script '/home/chloe/turtlebot3_ws/src/turtlebot3_controller/install/local_setup.bash'
[2.007s] INFO:colcon.colcon_core.shell:Creating prefix chain script '/home/chloe/turtlebot3_ws/src/turtlebot3_controller/install/setup.bash'
[2.010s] INFO:colcon.colcon_core.shell:Creating prefix script '/home/chloe/turtlebot3_ws/src/turtlebot3_controller/install/local_setup.zsh'
[2.010s] INFO:colcon.colcon_core.shell:Creating prefix chain script '/home/chloe/turtlebot3_ws/src/turtlebot3_controller/install/setup.zsh'
