running develop
running egg_info
creating turtlebot3_controller.egg-info
writing turtlebot3_controller.egg-info/PKG-INFO
writing dependency_links to turtlebot3_controller.egg-info/dependency_links.txt
writing entry points to turtlebot3_controller.egg-info/entry_points.txt
writing requirements to turtlebot3_controller.egg-info/requires.txt
writing top-level names to turtlebot3_controller.egg-info/top_level.txt
writing manifest file 'turtlebot3_controller.egg-info/SOURCES.txt'
reading manifest file 'turtlebot3_controller.egg-info/SOURCES.txt'
writing manifest file 'turtlebot3_controller.egg-info/SOURCES.txt'
running build_ext
Creating /home/chloe/turtlebot3_ws/src/turtlebot3_controller/install/turtlebot3_controller/lib/python3.8/site-packages/site.py
Creating /home/chloe/turtlebot3_ws/src/turtlebot3_controller/install/turtlebot3_controller/lib/python3.8/site-packages/turtlebot3-controller.egg-link (link to .)
Installing controller script to /home/chloe/turtlebot3_ws/src/turtlebot3_controller/install/turtlebot3_controller/lib/turtlebot3_controller

Installed /home/chloe/turtlebot3_ws/src/turtlebot3_controller/build/turtlebot3_controller
running install_data
creating /home/chloe/turtlebot3_ws/src/turtlebot3_controller/install/turtlebot3_controller/share/ament_index
creating /home/chloe/turtlebot3_ws/src/turtlebot3_controller/install/turtlebot3_controller/share/ament_index/resource_index
creating /home/chloe/turtlebot3_ws/src/turtlebot3_controller/install/turtlebot3_controller/share/ament_index/resource_index/packages
copying resource/turtlebot3_controller -> /home/chloe/turtlebot3_ws/src/turtlebot3_controller/install/turtlebot3_controller/share/ament_index/resource_index/packages
copying package.xml -> /home/chloe/turtlebot3_ws/src/turtlebot3_controller/install/turtlebot3_controller/share/turtlebot3_controller
